[2021-12-29 23:27:40,855] {taskinstance.py:1035} INFO - Dependencies all met for <TaskInstance: cpp_workflow.col_process_image manual__2021-12-29T23:27:07.525175+00:00 [queued]>
[2021-12-29 23:27:40,867] {taskinstance.py:1035} INFO - Dependencies all met for <TaskInstance: cpp_workflow.col_process_image manual__2021-12-29T23:27:07.525175+00:00 [queued]>
[2021-12-29 23:27:40,868] {taskinstance.py:1241} INFO - 
--------------------------------------------------------------------------------
[2021-12-29 23:27:40,868] {taskinstance.py:1242} INFO - Starting attempt 1 of 1
[2021-12-29 23:27:40,868] {taskinstance.py:1243} INFO - 
--------------------------------------------------------------------------------
[2021-12-29 23:27:40,881] {taskinstance.py:1262} INFO - Executing <Task(PythonOperator): col_process_image> on 2021-12-29 23:27:07.525175+00:00
[2021-12-29 23:27:40,887] {standard_task_runner.py:52} INFO - Started process 14389 to run task
[2021-12-29 23:27:40,892] {standard_task_runner.py:76} INFO - Running: ['***', 'tasks', 'run', 'cpp_workflow', 'col_process_image', 'manual__2021-12-29T23:27:07.525175+00:00', '--job-id', '1682', '--raw', '--subdir', 'DAGS_FOLDER/first_dag.py', '--cfg-path', '/tmp/tmpvyso6_fj', '--error-file', '/tmp/tmpvx9x00ta']
[2021-12-29 23:27:40,893] {standard_task_runner.py:77} INFO - Job 1682: Subtask col_process_image
[2021-12-29 23:27:40,945] {logging_mixin.py:109} INFO - Running <TaskInstance: cpp_workflow.col_process_image manual__2021-12-29T23:27:07.525175+00:00 [running]> on host 218df5ddc363
[2021-12-29 23:27:41,020] {taskinstance.py:1429} INFO - Exporting the following env vars:
AIRFLOW_CTX_DAG_OWNER=***
AIRFLOW_CTX_DAG_ID=cpp_workflow
AIRFLOW_CTX_TASK_ID=col_process_image
AIRFLOW_CTX_EXECUTION_DATE=2021-12-29T23:27:07.525175+00:00
AIRFLOW_CTX_DAG_RUN_ID=manual__2021-12-29T23:27:07.525175+00:00
[2021-12-29 23:27:41,025] {warnings.py:110} WARNING - /home/***/.local/lib/python3.7/site-packages/pandas/util/_decorators.py:311: ParserWarning: Falling back to the 'python' engine because the 'c' engine does not support regex separators (separators > 1 char and different from '\s+' are interpreted as regex); you can avoid this warning by specifying engine='python'.
  return func(*args, **kwargs)

[2021-12-29 23:27:41,045] {taskinstance.py:1703} ERROR - Task failed with exception
Traceback (most recent call last):
  File "/home/airflow/.local/lib/python3.7/site-packages/airflow/models/taskinstance.py", line 1332, in _run_raw_task
    self._execute_task_with_callbacks(context)
  File "/home/airflow/.local/lib/python3.7/site-packages/airflow/models/taskinstance.py", line 1458, in _execute_task_with_callbacks
    result = self._execute_task(context, self.task)
  File "/home/airflow/.local/lib/python3.7/site-packages/airflow/models/taskinstance.py", line 1514, in _execute_task
    result = execute_callable(context=context)
  File "/home/airflow/.local/lib/python3.7/site-packages/airflow/operators/python.py", line 151, in execute
    return_value = self.execute_callable()
  File "/home/airflow/.local/lib/python3.7/site-packages/airflow/operators/python.py", line 162, in execute_callable
    return self.python_callable(*self.op_args, **self.op_kwargs)
  File "/opt/airflow/dags/col_processing_image.py", line 19, in col_process_image
    'PrintMode$', 'ImageLength[m]#', 'ImageWidth[m]#', 'ImageResult$']]
  File "/home/airflow/.local/lib/python3.7/site-packages/pandas/core/frame.py", line 3464, in __getitem__
    indexer = self.loc._get_listlike_indexer(key, axis=1)[1]
  File "/home/airflow/.local/lib/python3.7/site-packages/pandas/core/indexing.py", line 1314, in _get_listlike_indexer
    self._validate_read_indexer(keyarr, indexer, axis)
  File "/home/airflow/.local/lib/python3.7/site-packages/pandas/core/indexing.py", line 1377, in _validate_read_indexer
    raise KeyError(f"{not_found} not in index")
KeyError: "['date', 'ImageResult$'] not in index"
[2021-12-29 23:27:41,074] {taskinstance.py:1280} INFO - Marking task as FAILED. dag_id=cpp_workflow, task_id=col_process_image, execution_date=20211229T232707, start_date=20211229T232740, end_date=20211229T232741
[2021-12-29 23:27:41,097] {standard_task_runner.py:91} ERROR - Failed to execute job 1682 for task col_process_image
Traceback (most recent call last):
  File "/home/airflow/.local/lib/python3.7/site-packages/airflow/task/task_runner/standard_task_runner.py", line 85, in _start_by_fork
    args.func(args, dag=self.dag)
  File "/home/airflow/.local/lib/python3.7/site-packages/airflow/cli/cli_parser.py", line 48, in command
    return func(*args, **kwargs)
  File "/home/airflow/.local/lib/python3.7/site-packages/airflow/utils/cli.py", line 92, in wrapper
    return f(*args, **kwargs)
  File "/home/airflow/.local/lib/python3.7/site-packages/airflow/cli/commands/task_command.py", line 292, in task_run
    _run_task_by_selected_method(args, dag, ti)
  File "/home/airflow/.local/lib/python3.7/site-packages/airflow/cli/commands/task_command.py", line 107, in _run_task_by_selected_method
    _run_raw_task(args, ti)
  File "/home/airflow/.local/lib/python3.7/site-packages/airflow/cli/commands/task_command.py", line 184, in _run_raw_task
    error_file=args.error_file,
  File "/home/airflow/.local/lib/python3.7/site-packages/airflow/utils/session.py", line 70, in wrapper
    return func(*args, session=session, **kwargs)
  File "/home/airflow/.local/lib/python3.7/site-packages/airflow/models/taskinstance.py", line 1332, in _run_raw_task
    self._execute_task_with_callbacks(context)
  File "/home/airflow/.local/lib/python3.7/site-packages/airflow/models/taskinstance.py", line 1458, in _execute_task_with_callbacks
    result = self._execute_task(context, self.task)
  File "/home/airflow/.local/lib/python3.7/site-packages/airflow/models/taskinstance.py", line 1514, in _execute_task
    result = execute_callable(context=context)
  File "/home/airflow/.local/lib/python3.7/site-packages/airflow/operators/python.py", line 151, in execute
    return_value = self.execute_callable()
  File "/home/airflow/.local/lib/python3.7/site-packages/airflow/operators/python.py", line 162, in execute_callable
    return self.python_callable(*self.op_args, **self.op_kwargs)
  File "/opt/airflow/dags/col_processing_image.py", line 19, in col_process_image
    'PrintMode$', 'ImageLength[m]#', 'ImageWidth[m]#', 'ImageResult$']]
  File "/home/airflow/.local/lib/python3.7/site-packages/pandas/core/frame.py", line 3464, in __getitem__
    indexer = self.loc._get_listlike_indexer(key, axis=1)[1]
  File "/home/airflow/.local/lib/python3.7/site-packages/pandas/core/indexing.py", line 1314, in _get_listlike_indexer
    self._validate_read_indexer(keyarr, indexer, axis)
  File "/home/airflow/.local/lib/python3.7/site-packages/pandas/core/indexing.py", line 1377, in _validate_read_indexer
    raise KeyError(f"{not_found} not in index")
KeyError: "['date', 'ImageResult$'] not in index"
[2021-12-29 23:27:41,144] {local_task_job.py:154} INFO - Task exited with return code 1
[2021-12-29 23:27:41,192] {local_task_job.py:264} INFO - 0 downstream tasks scheduled from follow-on schedule check
