[2022-01-03 00:26:54,060] {taskinstance.py:1035} INFO - Dependencies all met for <TaskInstance: cpp_workflow.database_processing_image manual__2022-01-03T00:26:13.208871+00:00 [queued]>
[2022-01-03 00:26:54,085] {taskinstance.py:1035} INFO - Dependencies all met for <TaskInstance: cpp_workflow.database_processing_image manual__2022-01-03T00:26:13.208871+00:00 [queued]>
[2022-01-03 00:26:54,086] {taskinstance.py:1241} INFO - 
--------------------------------------------------------------------------------
[2022-01-03 00:26:54,100] {taskinstance.py:1242} INFO - Starting attempt 1 of 1
[2022-01-03 00:26:54,106] {taskinstance.py:1243} INFO - 
--------------------------------------------------------------------------------
[2022-01-03 00:26:54,145] {taskinstance.py:1262} INFO - Executing <Task(PythonOperator): database_processing_image> on 2022-01-03 00:26:13.208871+00:00
[2022-01-03 00:26:54,153] {standard_task_runner.py:52} INFO - Started process 2613 to run task
[2022-01-03 00:26:54,169] {standard_task_runner.py:76} INFO - Running: ['***', 'tasks', 'run', 'cpp_workflow', 'database_processing_image', 'manual__2022-01-03T00:26:13.208871+00:00', '--job-id', '1986', '--raw', '--subdir', 'DAGS_FOLDER/first_dag.py', '--cfg-path', '/tmp/tmpxj9s5n75', '--error-file', '/tmp/tmp6sczcj2h']
[2022-01-03 00:26:54,180] {standard_task_runner.py:77} INFO - Job 1986: Subtask database_processing_image
[2022-01-03 00:26:54,342] {logging_mixin.py:109} INFO - Running <TaskInstance: cpp_workflow.database_processing_image manual__2022-01-03T00:26:13.208871+00:00 [running]> on host 218df5ddc363
[2022-01-03 00:26:54,486] {taskinstance.py:1429} INFO - Exporting the following env vars:
AIRFLOW_CTX_DAG_OWNER=***
AIRFLOW_CTX_DAG_ID=cpp_workflow
AIRFLOW_CTX_TASK_ID=database_processing_image
AIRFLOW_CTX_EXECUTION_DATE=2022-01-03T00:26:13.208871+00:00
AIRFLOW_CTX_DAG_RUN_ID=manual__2022-01-03T00:26:13.208871+00:00
[2022-01-03 00:26:55,294] {logging_mixin.py:109} INFO - You're connected to database
[2022-01-03 00:26:55,485] {taskinstance.py:1703} ERROR - Task failed with exception
Traceback (most recent call last):
  File "/home/airflow/.local/lib/python3.7/site-packages/pandas/io/sql.py", line 2056, in execute
    cur.execute(*args, **kwargs)
  File "/home/airflow/.local/lib/python3.7/site-packages/mysql/connector/cursor.py", line 569, in execute
    self._handle_result(self._connection.cmd_query(stmt))
  File "/home/airflow/.local/lib/python3.7/site-packages/mysql/connector/connection.py", line 855, in cmd_query
    result = self._handle_result(self._send_cmd(ServerCmd.QUERY, query))
  File "/home/airflow/.local/lib/python3.7/site-packages/mysql/connector/connection.py", line 665, in _handle_result
    raise errors.get_exception(packet)
mysql.connector.errors.ProgrammingError: 1064 (42000): You have an error in your SQL syntax; check the manual that corresponds to your MySQL server version for the right syntax to use near ' print_mode, image_length, image_width, image_result FROM `image`' at line 1

The above exception was the direct cause of the following exception:

Traceback (most recent call last):
  File "/home/airflow/.local/lib/python3.7/site-packages/airflow/models/taskinstance.py", line 1332, in _run_raw_task
    self._execute_task_with_callbacks(context)
  File "/home/airflow/.local/lib/python3.7/site-packages/airflow/models/taskinstance.py", line 1458, in _execute_task_with_callbacks
    result = self._execute_task(context, self.task)
  File "/home/airflow/.local/lib/python3.7/site-packages/airflow/models/taskinstance.py", line 1514, in _execute_task
    result = execute_callable(context=context)
  File "/home/airflow/.local/lib/python3.7/site-packages/airflow/operators/python.py", line 151, in execute
    return_value = self.execute_callable()
  File "/home/airflow/.local/lib/python3.7/site-packages/airflow/operators/python.py", line 162, in execute_callable
    return self.python_callable(*self.op_args, **self.op_kwargs)
  File "/opt/airflow/dags/database_processing_image.py", line 29, in database_processing_image
    databaseContents = pd.read_sql(query, mydb)
  File "/home/airflow/.local/lib/python3.7/site-packages/pandas/io/sql.py", line 608, in read_sql
    chunksize=chunksize,
  File "/home/airflow/.local/lib/python3.7/site-packages/pandas/io/sql.py", line 2116, in read_query
    cursor = self.execute(*args)
  File "/home/airflow/.local/lib/python3.7/site-packages/pandas/io/sql.py", line 2068, in execute
    raise ex from exc
pandas.io.sql.DatabaseError: Execution failed on sql 'SELECT date, cyan, magenta, yellow, black, , print_mode, image_length, image_width, image_result FROM `image` ': 1064 (42000): You have an error in your SQL syntax; check the manual that corresponds to your MySQL server version for the right syntax to use near ' print_mode, image_length, image_width, image_result FROM `image`' at line 1
[2022-01-03 00:26:55,534] {taskinstance.py:1280} INFO - Marking task as FAILED. dag_id=cpp_workflow, task_id=database_processing_image, execution_date=20220103T002613, start_date=20220103T002654, end_date=20220103T002655
[2022-01-03 00:26:55,580] {standard_task_runner.py:91} ERROR - Failed to execute job 1986 for task database_processing_image
Traceback (most recent call last):
  File "/home/airflow/.local/lib/python3.7/site-packages/pandas/io/sql.py", line 2056, in execute
    cur.execute(*args, **kwargs)
  File "/home/airflow/.local/lib/python3.7/site-packages/mysql/connector/cursor.py", line 569, in execute
    self._handle_result(self._connection.cmd_query(stmt))
  File "/home/airflow/.local/lib/python3.7/site-packages/mysql/connector/connection.py", line 855, in cmd_query
    result = self._handle_result(self._send_cmd(ServerCmd.QUERY, query))
  File "/home/airflow/.local/lib/python3.7/site-packages/mysql/connector/connection.py", line 665, in _handle_result
    raise errors.get_exception(packet)
mysql.connector.errors.ProgrammingError: 1064 (42000): You have an error in your SQL syntax; check the manual that corresponds to your MySQL server version for the right syntax to use near ' print_mode, image_length, image_width, image_result FROM `image`' at line 1

The above exception was the direct cause of the following exception:

Traceback (most recent call last):
  File "/home/airflow/.local/lib/python3.7/site-packages/airflow/task/task_runner/standard_task_runner.py", line 85, in _start_by_fork
    args.func(args, dag=self.dag)
  File "/home/airflow/.local/lib/python3.7/site-packages/airflow/cli/cli_parser.py", line 48, in command
    return func(*args, **kwargs)
  File "/home/airflow/.local/lib/python3.7/site-packages/airflow/utils/cli.py", line 92, in wrapper
    return f(*args, **kwargs)
  File "/home/airflow/.local/lib/python3.7/site-packages/airflow/cli/commands/task_command.py", line 292, in task_run
    _run_task_by_selected_method(args, dag, ti)
  File "/home/airflow/.local/lib/python3.7/site-packages/airflow/cli/commands/task_command.py", line 107, in _run_task_by_selected_method
    _run_raw_task(args, ti)
  File "/home/airflow/.local/lib/python3.7/site-packages/airflow/cli/commands/task_command.py", line 184, in _run_raw_task
    error_file=args.error_file,
  File "/home/airflow/.local/lib/python3.7/site-packages/airflow/utils/session.py", line 70, in wrapper
    return func(*args, session=session, **kwargs)
  File "/home/airflow/.local/lib/python3.7/site-packages/airflow/models/taskinstance.py", line 1332, in _run_raw_task
    self._execute_task_with_callbacks(context)
  File "/home/airflow/.local/lib/python3.7/site-packages/airflow/models/taskinstance.py", line 1458, in _execute_task_with_callbacks
    result = self._execute_task(context, self.task)
  File "/home/airflow/.local/lib/python3.7/site-packages/airflow/models/taskinstance.py", line 1514, in _execute_task
    result = execute_callable(context=context)
  File "/home/airflow/.local/lib/python3.7/site-packages/airflow/operators/python.py", line 151, in execute
    return_value = self.execute_callable()
  File "/home/airflow/.local/lib/python3.7/site-packages/airflow/operators/python.py", line 162, in execute_callable
    return self.python_callable(*self.op_args, **self.op_kwargs)
  File "/opt/airflow/dags/database_processing_image.py", line 29, in database_processing_image
    databaseContents = pd.read_sql(query, mydb)
  File "/home/airflow/.local/lib/python3.7/site-packages/pandas/io/sql.py", line 608, in read_sql
    chunksize=chunksize,
  File "/home/airflow/.local/lib/python3.7/site-packages/pandas/io/sql.py", line 2116, in read_query
    cursor = self.execute(*args)
  File "/home/airflow/.local/lib/python3.7/site-packages/pandas/io/sql.py", line 2068, in execute
    raise ex from exc
pandas.io.sql.DatabaseError: Execution failed on sql 'SELECT date, cyan, magenta, yellow, black, , print_mode, image_length, image_width, image_result FROM `image` ': 1064 (42000): You have an error in your SQL syntax; check the manual that corresponds to your MySQL server version for the right syntax to use near ' print_mode, image_length, image_width, image_result FROM `image`' at line 1
[2022-01-03 00:26:55,604] {local_task_job.py:154} INFO - Task exited with return code 1
[2022-01-03 00:26:55,672] {local_task_job.py:264} INFO - 0 downstream tasks scheduled from follow-on schedule check
