[2022-01-02 10:27:17,559] {taskinstance.py:1035} INFO - Dependencies all met for <TaskInstance: cpp_workflow.check_file_changes scheduled__2021-12-31T00:00:00+00:00 [queued]>
[2022-01-02 10:27:17,583] {taskinstance.py:1035} INFO - Dependencies all met for <TaskInstance: cpp_workflow.check_file_changes scheduled__2021-12-31T00:00:00+00:00 [queued]>
[2022-01-02 10:27:17,592] {taskinstance.py:1241} INFO - 
--------------------------------------------------------------------------------
[2022-01-02 10:27:17,594] {taskinstance.py:1242} INFO - Starting attempt 1 of 1
[2022-01-02 10:27:17,595] {taskinstance.py:1243} INFO - 
--------------------------------------------------------------------------------
[2022-01-02 10:27:17,626] {taskinstance.py:1262} INFO - Executing <Task(PythonOperator): check_file_changes> on 2021-12-31 00:00:00+00:00
[2022-01-02 10:27:17,636] {standard_task_runner.py:52} INFO - Started process 70 to run task
[2022-01-02 10:27:17,642] {standard_task_runner.py:76} INFO - Running: ['***', 'tasks', 'run', 'cpp_workflow', 'check_file_changes', 'scheduled__2021-12-31T00:00:00+00:00', '--job-id', '1813', '--raw', '--subdir', 'DAGS_FOLDER/first_dag.py', '--cfg-path', '/tmp/tmpkvh4_z71', '--error-file', '/tmp/tmpg_4ncf16']
[2022-01-02 10:27:17,644] {standard_task_runner.py:77} INFO - Job 1813: Subtask check_file_changes
[2022-01-02 10:27:17,706] {logging_mixin.py:109} INFO - Running <TaskInstance: cpp_workflow.check_file_changes scheduled__2021-12-31T00:00:00+00:00 [running]> on host 218df5ddc363
[2022-01-02 10:27:17,774] {taskinstance.py:1429} INFO - Exporting the following env vars:
AIRFLOW_CTX_DAG_OWNER=***
AIRFLOW_CTX_DAG_ID=cpp_workflow
AIRFLOW_CTX_TASK_ID=check_file_changes
AIRFLOW_CTX_EXECUTION_DATE=2021-12-31T00:00:00+00:00
AIRFLOW_CTX_DAG_RUN_ID=scheduled__2021-12-31T00:00:00+00:00
[2022-01-02 10:28:01,689] {taskinstance.py:1703} ERROR - Task failed with exception
Traceback (most recent call last):
  File "/home/airflow/.local/lib/python3.7/site-packages/airflow/models/taskinstance.py", line 1332, in _run_raw_task
    self._execute_task_with_callbacks(context)
  File "/home/airflow/.local/lib/python3.7/site-packages/airflow/models/taskinstance.py", line 1458, in _execute_task_with_callbacks
    result = self._execute_task(context, self.task)
  File "/home/airflow/.local/lib/python3.7/site-packages/airflow/models/taskinstance.py", line 1514, in _execute_task
    result = execute_callable(context=context)
  File "/home/airflow/.local/lib/python3.7/site-packages/airflow/operators/python.py", line 151, in execute
    return_value = self.execute_callable()
  File "/home/airflow/.local/lib/python3.7/site-packages/airflow/operators/python.py", line 162, in execute_callable
    return self.python_callable(*self.op_args, **self.op_kwargs)
  File "/opt/airflow/dags/check_file_changes.py", line 55, in file_changes
    os.remove(os.path.join(os.environ['TEST_DATA_FILES_DIRECTORY'], "hashed_files_image.csv"))
FileNotFoundError: [Errno 2] No such file or directory: '/opt/airflow/test_data/hashed_files_image.csv'
[2022-01-02 10:28:01,707] {taskinstance.py:1280} INFO - Marking task as FAILED. dag_id=cpp_workflow, task_id=check_file_changes, execution_date=20211231T000000, start_date=20220102T102717, end_date=20220102T102801
[2022-01-02 10:28:01,722] {standard_task_runner.py:91} ERROR - Failed to execute job 1813 for task check_file_changes
Traceback (most recent call last):
  File "/home/airflow/.local/lib/python3.7/site-packages/airflow/task/task_runner/standard_task_runner.py", line 85, in _start_by_fork
    args.func(args, dag=self.dag)
  File "/home/airflow/.local/lib/python3.7/site-packages/airflow/cli/cli_parser.py", line 48, in command
    return func(*args, **kwargs)
  File "/home/airflow/.local/lib/python3.7/site-packages/airflow/utils/cli.py", line 92, in wrapper
    return f(*args, **kwargs)
  File "/home/airflow/.local/lib/python3.7/site-packages/airflow/cli/commands/task_command.py", line 292, in task_run
    _run_task_by_selected_method(args, dag, ti)
  File "/home/airflow/.local/lib/python3.7/site-packages/airflow/cli/commands/task_command.py", line 107, in _run_task_by_selected_method
    _run_raw_task(args, ti)
  File "/home/airflow/.local/lib/python3.7/site-packages/airflow/cli/commands/task_command.py", line 184, in _run_raw_task
    error_file=args.error_file,
  File "/home/airflow/.local/lib/python3.7/site-packages/airflow/utils/session.py", line 70, in wrapper
    return func(*args, session=session, **kwargs)
  File "/home/airflow/.local/lib/python3.7/site-packages/airflow/models/taskinstance.py", line 1332, in _run_raw_task
    self._execute_task_with_callbacks(context)
  File "/home/airflow/.local/lib/python3.7/site-packages/airflow/models/taskinstance.py", line 1458, in _execute_task_with_callbacks
    result = self._execute_task(context, self.task)
  File "/home/airflow/.local/lib/python3.7/site-packages/airflow/models/taskinstance.py", line 1514, in _execute_task
    result = execute_callable(context=context)
  File "/home/airflow/.local/lib/python3.7/site-packages/airflow/operators/python.py", line 151, in execute
    return_value = self.execute_callable()
  File "/home/airflow/.local/lib/python3.7/site-packages/airflow/operators/python.py", line 162, in execute_callable
    return self.python_callable(*self.op_args, **self.op_kwargs)
  File "/opt/airflow/dags/check_file_changes.py", line 55, in file_changes
    os.remove(os.path.join(os.environ['TEST_DATA_FILES_DIRECTORY'], "hashed_files_image.csv"))
FileNotFoundError: [Errno 2] No such file or directory: '/opt/airflow/test_data/hashed_files_image.csv'
[2022-01-02 10:28:01,748] {local_task_job.py:154} INFO - Task exited with return code 1
[2022-01-02 10:28:01,789] {local_task_job.py:264} INFO - 0 downstream tasks scheduled from follow-on schedule check
