[2021-12-29 23:37:52,935] {taskinstance.py:1035} INFO - Dependencies all met for <TaskInstance: cpp_workflow.refactor_process_print_cycle manual__2021-12-29T23:37:18.544413+00:00 [queued]>
[2021-12-29 23:37:52,974] {taskinstance.py:1035} INFO - Dependencies all met for <TaskInstance: cpp_workflow.refactor_process_print_cycle manual__2021-12-29T23:37:18.544413+00:00 [queued]>
[2021-12-29 23:37:52,975] {taskinstance.py:1241} INFO - 
--------------------------------------------------------------------------------
[2021-12-29 23:37:52,975] {taskinstance.py:1242} INFO - Starting attempt 1 of 1
[2021-12-29 23:37:52,976] {taskinstance.py:1243} INFO - 
--------------------------------------------------------------------------------
[2021-12-29 23:37:53,006] {taskinstance.py:1262} INFO - Executing <Task(PythonOperator): refactor_process_print_cycle> on 2021-12-29 23:37:18.544413+00:00
[2021-12-29 23:37:53,017] {standard_task_runner.py:52} INFO - Started process 14928 to run task
[2021-12-29 23:37:53,023] {standard_task_runner.py:76} INFO - Running: ['***', 'tasks', 'run', 'cpp_workflow', 'refactor_process_print_cycle', 'manual__2021-12-29T23:37:18.544413+00:00', '--job-id', '1715', '--raw', '--subdir', 'DAGS_FOLDER/first_dag.py', '--cfg-path', '/tmp/tmpbipf12ji', '--error-file', '/tmp/tmpp0j8uzzr']
[2021-12-29 23:37:53,033] {standard_task_runner.py:77} INFO - Job 1715: Subtask refactor_process_print_cycle
[2021-12-29 23:37:53,139] {logging_mixin.py:109} INFO - Running <TaskInstance: cpp_workflow.refactor_process_print_cycle manual__2021-12-29T23:37:18.544413+00:00 [running]> on host 218df5ddc363
[2021-12-29 23:37:53,281] {taskinstance.py:1429} INFO - Exporting the following env vars:
AIRFLOW_CTX_DAG_OWNER=***
AIRFLOW_CTX_DAG_ID=cpp_workflow
AIRFLOW_CTX_TASK_ID=refactor_process_print_cycle
AIRFLOW_CTX_EXECUTION_DATE=2021-12-29T23:37:18.544413+00:00
AIRFLOW_CTX_DAG_RUN_ID=manual__2021-12-29T23:37:18.544413+00:00
[2021-12-29 23:37:53,294] {warnings.py:110} WARNING - /home/***/.local/lib/python3.7/site-packages/pandas/util/_decorators.py:311: ParserWarning: Falling back to the 'python' engine because the 'c' engine does not support regex separators (separators > 1 char and different from '\s+' are interpreted as regex); you can avoid this warning by specifying engine='python'.
  return func(*args, **kwargs)

[2021-12-29 23:37:53,299] {taskinstance.py:1703} ERROR - Task failed with exception
Traceback (most recent call last):
  File "/home/airflow/.local/lib/python3.7/site-packages/pandas/io/parsers/python_parser.py", line 376, in _infer_columns
    line = self._buffered_line()
  File "/home/airflow/.local/lib/python3.7/site-packages/pandas/io/parsers/python_parser.py", line 584, in _buffered_line
    return self._next_line()
  File "/home/airflow/.local/lib/python3.7/site-packages/pandas/io/parsers/python_parser.py", line 681, in _next_line
    orig_line = self._next_iter_line(row_num=self.pos + 1)
  File "/home/airflow/.local/lib/python3.7/site-packages/pandas/io/parsers/python_parser.py", line 742, in _next_iter_line
    return next(self.data)
StopIteration

The above exception was the direct cause of the following exception:

Traceback (most recent call last):
  File "/home/airflow/.local/lib/python3.7/site-packages/airflow/models/taskinstance.py", line 1332, in _run_raw_task
    self._execute_task_with_callbacks(context)
  File "/home/airflow/.local/lib/python3.7/site-packages/airflow/models/taskinstance.py", line 1458, in _execute_task_with_callbacks
    result = self._execute_task(context, self.task)
  File "/home/airflow/.local/lib/python3.7/site-packages/airflow/models/taskinstance.py", line 1514, in _execute_task
    result = execute_callable(context=context)
  File "/home/airflow/.local/lib/python3.7/site-packages/airflow/operators/python.py", line 151, in execute
    return_value = self.execute_callable()
  File "/home/airflow/.local/lib/python3.7/site-packages/airflow/operators/python.py", line 162, in execute_callable
    return self.python_callable(*self.op_args, **self.op_kwargs)
  File "/opt/airflow/dags/refactor_processing_print_cycle.py", line 15, in refactor_process_print_cycle
    printcycle = pd.read_csv(row_of_first_column, sep=r'\s*,\s*')
  File "/home/airflow/.local/lib/python3.7/site-packages/pandas/util/_decorators.py", line 311, in wrapper
    return func(*args, **kwargs)
  File "/home/airflow/.local/lib/python3.7/site-packages/pandas/io/parsers/readers.py", line 586, in read_csv
    return _read(filepath_or_buffer, kwds)
  File "/home/airflow/.local/lib/python3.7/site-packages/pandas/io/parsers/readers.py", line 482, in _read
    parser = TextFileReader(filepath_or_buffer, **kwds)
  File "/home/airflow/.local/lib/python3.7/site-packages/pandas/io/parsers/readers.py", line 811, in __init__
    self._engine = self._make_engine(self.engine)
  File "/home/airflow/.local/lib/python3.7/site-packages/pandas/io/parsers/readers.py", line 1040, in _make_engine
    return mapping[engine](self.f, **self.options)  # type: ignore[call-arg]
  File "/home/airflow/.local/lib/python3.7/site-packages/pandas/io/parsers/python_parser.py", line 113, in __init__
    ) = self._infer_columns()
  File "/home/airflow/.local/lib/python3.7/site-packages/pandas/io/parsers/python_parser.py", line 398, in _infer_columns
    raise EmptyDataError("No columns to parse from file") from err
pandas.errors.EmptyDataError: No columns to parse from file
[2021-12-29 23:37:53,338] {taskinstance.py:1280} INFO - Marking task as FAILED. dag_id=cpp_workflow, task_id=refactor_process_print_cycle, execution_date=20211229T233718, start_date=20211229T233752, end_date=20211229T233753
[2021-12-29 23:37:53,371] {standard_task_runner.py:91} ERROR - Failed to execute job 1715 for task refactor_process_print_cycle
Traceback (most recent call last):
  File "/home/airflow/.local/lib/python3.7/site-packages/pandas/io/parsers/python_parser.py", line 376, in _infer_columns
    line = self._buffered_line()
  File "/home/airflow/.local/lib/python3.7/site-packages/pandas/io/parsers/python_parser.py", line 584, in _buffered_line
    return self._next_line()
  File "/home/airflow/.local/lib/python3.7/site-packages/pandas/io/parsers/python_parser.py", line 681, in _next_line
    orig_line = self._next_iter_line(row_num=self.pos + 1)
  File "/home/airflow/.local/lib/python3.7/site-packages/pandas/io/parsers/python_parser.py", line 742, in _next_iter_line
    return next(self.data)
StopIteration

The above exception was the direct cause of the following exception:

Traceback (most recent call last):
  File "/home/airflow/.local/lib/python3.7/site-packages/airflow/task/task_runner/standard_task_runner.py", line 85, in _start_by_fork
    args.func(args, dag=self.dag)
  File "/home/airflow/.local/lib/python3.7/site-packages/airflow/cli/cli_parser.py", line 48, in command
    return func(*args, **kwargs)
  File "/home/airflow/.local/lib/python3.7/site-packages/airflow/utils/cli.py", line 92, in wrapper
    return f(*args, **kwargs)
  File "/home/airflow/.local/lib/python3.7/site-packages/airflow/cli/commands/task_command.py", line 292, in task_run
    _run_task_by_selected_method(args, dag, ti)
  File "/home/airflow/.local/lib/python3.7/site-packages/airflow/cli/commands/task_command.py", line 107, in _run_task_by_selected_method
    _run_raw_task(args, ti)
  File "/home/airflow/.local/lib/python3.7/site-packages/airflow/cli/commands/task_command.py", line 184, in _run_raw_task
    error_file=args.error_file,
  File "/home/airflow/.local/lib/python3.7/site-packages/airflow/utils/session.py", line 70, in wrapper
    return func(*args, session=session, **kwargs)
  File "/home/airflow/.local/lib/python3.7/site-packages/airflow/models/taskinstance.py", line 1332, in _run_raw_task
    self._execute_task_with_callbacks(context)
  File "/home/airflow/.local/lib/python3.7/site-packages/airflow/models/taskinstance.py", line 1458, in _execute_task_with_callbacks
    result = self._execute_task(context, self.task)
  File "/home/airflow/.local/lib/python3.7/site-packages/airflow/models/taskinstance.py", line 1514, in _execute_task
    result = execute_callable(context=context)
  File "/home/airflow/.local/lib/python3.7/site-packages/airflow/operators/python.py", line 151, in execute
    return_value = self.execute_callable()
  File "/home/airflow/.local/lib/python3.7/site-packages/airflow/operators/python.py", line 162, in execute_callable
    return self.python_callable(*self.op_args, **self.op_kwargs)
  File "/opt/airflow/dags/refactor_processing_print_cycle.py", line 15, in refactor_process_print_cycle
    printcycle = pd.read_csv(row_of_first_column, sep=r'\s*,\s*')
  File "/home/airflow/.local/lib/python3.7/site-packages/pandas/util/_decorators.py", line 311, in wrapper
    return func(*args, **kwargs)
  File "/home/airflow/.local/lib/python3.7/site-packages/pandas/io/parsers/readers.py", line 586, in read_csv
    return _read(filepath_or_buffer, kwds)
  File "/home/airflow/.local/lib/python3.7/site-packages/pandas/io/parsers/readers.py", line 482, in _read
    parser = TextFileReader(filepath_or_buffer, **kwds)
  File "/home/airflow/.local/lib/python3.7/site-packages/pandas/io/parsers/readers.py", line 811, in __init__
    self._engine = self._make_engine(self.engine)
  File "/home/airflow/.local/lib/python3.7/site-packages/pandas/io/parsers/readers.py", line 1040, in _make_engine
    return mapping[engine](self.f, **self.options)  # type: ignore[call-arg]
  File "/home/airflow/.local/lib/python3.7/site-packages/pandas/io/parsers/python_parser.py", line 113, in __init__
    ) = self._infer_columns()
  File "/home/airflow/.local/lib/python3.7/site-packages/pandas/io/parsers/python_parser.py", line 398, in _infer_columns
    raise EmptyDataError("No columns to parse from file") from err
pandas.errors.EmptyDataError: No columns to parse from file
[2021-12-29 23:37:53,406] {local_task_job.py:154} INFO - Task exited with return code 1
[2021-12-29 23:37:53,461] {local_task_job.py:264} INFO - 0 downstream tasks scheduled from follow-on schedule check
