[2021-12-29 23:19:33,879] {taskinstance.py:1035} INFO - Dependencies all met for <TaskInstance: cpp_workflow.refactor_process_media_prepare manual__2021-12-29T23:19:00.392707+00:00 [queued]>
[2021-12-29 23:19:33,892] {taskinstance.py:1035} INFO - Dependencies all met for <TaskInstance: cpp_workflow.refactor_process_media_prepare manual__2021-12-29T23:19:00.392707+00:00 [queued]>
[2021-12-29 23:19:33,893] {taskinstance.py:1241} INFO - 
--------------------------------------------------------------------------------
[2021-12-29 23:19:33,893] {taskinstance.py:1242} INFO - Starting attempt 1 of 1
[2021-12-29 23:19:33,894] {taskinstance.py:1243} INFO - 
--------------------------------------------------------------------------------
[2021-12-29 23:19:33,914] {taskinstance.py:1262} INFO - Executing <Task(PythonOperator): refactor_process_media_prepare> on 2021-12-29 23:19:00.392707+00:00
[2021-12-29 23:19:33,918] {standard_task_runner.py:52} INFO - Started process 13971 to run task
[2021-12-29 23:19:33,922] {standard_task_runner.py:76} INFO - Running: ['***', 'tasks', 'run', 'cpp_workflow', 'refactor_process_media_prepare', 'manual__2021-12-29T23:19:00.392707+00:00', '--job-id', '1658', '--raw', '--subdir', 'DAGS_FOLDER/first_dag.py', '--cfg-path', '/tmp/tmph_lz49uq', '--error-file', '/tmp/tmpf5_1d8qv']
[2021-12-29 23:19:33,923] {standard_task_runner.py:77} INFO - Job 1658: Subtask refactor_process_media_prepare
[2021-12-29 23:19:33,965] {logging_mixin.py:109} INFO - Running <TaskInstance: cpp_workflow.refactor_process_media_prepare manual__2021-12-29T23:19:00.392707+00:00 [running]> on host 218df5ddc363
[2021-12-29 23:19:34,021] {taskinstance.py:1429} INFO - Exporting the following env vars:
AIRFLOW_CTX_DAG_OWNER=***
AIRFLOW_CTX_DAG_ID=cpp_workflow
AIRFLOW_CTX_TASK_ID=refactor_process_media_prepare
AIRFLOW_CTX_EXECUTION_DATE=2021-12-29T23:19:00.392707+00:00
AIRFLOW_CTX_DAG_RUN_ID=manual__2021-12-29T23:19:00.392707+00:00
[2021-12-29 23:19:34,023] {taskinstance.py:1703} ERROR - Task failed with exception
Traceback (most recent call last):
  File "/home/airflow/.local/lib/python3.7/site-packages/airflow/models/taskinstance.py", line 1332, in _run_raw_task
    self._execute_task_with_callbacks(context)
  File "/home/airflow/.local/lib/python3.7/site-packages/airflow/models/taskinstance.py", line 1458, in _execute_task_with_callbacks
    result = self._execute_task(context, self.task)
  File "/home/airflow/.local/lib/python3.7/site-packages/airflow/models/taskinstance.py", line 1514, in _execute_task
    result = execute_callable(context=context)
  File "/home/airflow/.local/lib/python3.7/site-packages/airflow/operators/python.py", line 151, in execute
    return_value = self.execute_callable()
  File "/home/airflow/.local/lib/python3.7/site-packages/airflow/operators/python.py", line 162, in execute_callable
    return self.python_callable(*self.op_args, **self.op_kwargs)
  File "/opt/airflow/dags/refactor_processing_media_prepare.py", line 13, in refactor_process_media_prepare
    os.path.join(os.environ['TEST_DATA_FILES_DIRECTORY'], "not_processed_files_image.csv")):
  File "/opt/airflow/dags/tasks_methods.py", line 16, in check_unprocessed_files_count
    return os.stat(f).st_size == 0
FileNotFoundError: [Errno 2] No such file or directory: '/opt/airflow/test_data/not_processed_files_image.csv'
[2021-12-29 23:19:34,045] {taskinstance.py:1280} INFO - Marking task as FAILED. dag_id=cpp_workflow, task_id=refactor_process_media_prepare, execution_date=20211229T231900, start_date=20211229T231933, end_date=20211229T231934
[2021-12-29 23:19:34,071] {standard_task_runner.py:91} ERROR - Failed to execute job 1658 for task refactor_process_media_prepare
Traceback (most recent call last):
  File "/home/airflow/.local/lib/python3.7/site-packages/airflow/task/task_runner/standard_task_runner.py", line 85, in _start_by_fork
    args.func(args, dag=self.dag)
  File "/home/airflow/.local/lib/python3.7/site-packages/airflow/cli/cli_parser.py", line 48, in command
    return func(*args, **kwargs)
  File "/home/airflow/.local/lib/python3.7/site-packages/airflow/utils/cli.py", line 92, in wrapper
    return f(*args, **kwargs)
  File "/home/airflow/.local/lib/python3.7/site-packages/airflow/cli/commands/task_command.py", line 292, in task_run
    _run_task_by_selected_method(args, dag, ti)
  File "/home/airflow/.local/lib/python3.7/site-packages/airflow/cli/commands/task_command.py", line 107, in _run_task_by_selected_method
    _run_raw_task(args, ti)
  File "/home/airflow/.local/lib/python3.7/site-packages/airflow/cli/commands/task_command.py", line 184, in _run_raw_task
    error_file=args.error_file,
  File "/home/airflow/.local/lib/python3.7/site-packages/airflow/utils/session.py", line 70, in wrapper
    return func(*args, session=session, **kwargs)
  File "/home/airflow/.local/lib/python3.7/site-packages/airflow/models/taskinstance.py", line 1332, in _run_raw_task
    self._execute_task_with_callbacks(context)
  File "/home/airflow/.local/lib/python3.7/site-packages/airflow/models/taskinstance.py", line 1458, in _execute_task_with_callbacks
    result = self._execute_task(context, self.task)
  File "/home/airflow/.local/lib/python3.7/site-packages/airflow/models/taskinstance.py", line 1514, in _execute_task
    result = execute_callable(context=context)
  File "/home/airflow/.local/lib/python3.7/site-packages/airflow/operators/python.py", line 151, in execute
    return_value = self.execute_callable()
  File "/home/airflow/.local/lib/python3.7/site-packages/airflow/operators/python.py", line 162, in execute_callable
    return self.python_callable(*self.op_args, **self.op_kwargs)
  File "/opt/airflow/dags/refactor_processing_media_prepare.py", line 13, in refactor_process_media_prepare
    os.path.join(os.environ['TEST_DATA_FILES_DIRECTORY'], "not_processed_files_image.csv")):
  File "/opt/airflow/dags/tasks_methods.py", line 16, in check_unprocessed_files_count
    return os.stat(f).st_size == 0
FileNotFoundError: [Errno 2] No such file or directory: '/opt/airflow/test_data/not_processed_files_image.csv'
[2021-12-29 23:19:34,096] {local_task_job.py:154} INFO - Task exited with return code 1
[2021-12-29 23:19:34,129] {local_task_job.py:264} INFO - 0 downstream tasks scheduled from follow-on schedule check
