[2021-12-08 23:27:13,862] {taskinstance.py:1035} INFO - Dependencies all met for <TaskInstance: cpp_workflow.rename_process manual__2021-12-08T23:27:05.072663+00:00 [queued]>
[2021-12-08 23:27:13,885] {taskinstance.py:1035} INFO - Dependencies all met for <TaskInstance: cpp_workflow.rename_process manual__2021-12-08T23:27:05.072663+00:00 [queued]>
[2021-12-08 23:27:13,885] {taskinstance.py:1241} INFO - 
--------------------------------------------------------------------------------
[2021-12-08 23:27:13,886] {taskinstance.py:1242} INFO - Starting attempt 1 of 1
[2021-12-08 23:27:13,886] {taskinstance.py:1243} INFO - 
--------------------------------------------------------------------------------
[2021-12-08 23:27:13,922] {taskinstance.py:1262} INFO - Executing <Task(PythonOperator): rename_process> on 2021-12-08 23:27:05.072663+00:00
[2021-12-08 23:27:13,935] {standard_task_runner.py:52} INFO - Started process 6640 to run task
[2021-12-08 23:27:13,943] {standard_task_runner.py:76} INFO - Running: ['***', 'tasks', 'run', 'cpp_workflow', 'rename_process', 'manual__2021-12-08T23:27:05.072663+00:00', '--job-id', '631', '--raw', '--subdir', 'DAGS_FOLDER/first_dag.py', '--cfg-path', '/tmp/tmp51slbbpo', '--error-file', '/tmp/tmpw1s0q363']
[2021-12-08 23:27:13,944] {standard_task_runner.py:77} INFO - Job 631: Subtask rename_process
[2021-12-08 23:27:14,011] {logging_mixin.py:109} INFO - Running <TaskInstance: cpp_workflow.rename_process manual__2021-12-08T23:27:05.072663+00:00 [running]> on host b5fd0372bf6e
[2021-12-08 23:27:14,143] {taskinstance.py:1429} INFO - Exporting the following env vars:
AIRFLOW_CTX_DAG_OWNER=***
AIRFLOW_CTX_DAG_ID=cpp_workflow
AIRFLOW_CTX_TASK_ID=rename_process
AIRFLOW_CTX_EXECUTION_DATE=2021-12-08T23:27:05.072663+00:00
AIRFLOW_CTX_DAG_RUN_ID=manual__2021-12-08T23:27:05.072663+00:00
[2021-12-08 23:27:14,181] {warnings.py:110} WARNING - /opt/***/dags/rename_processing.py:10: FutureWarning: The pandas.datetime class is deprecated and will be removed from pandas in a future version. Import from datetime module instead.
  dateparse = lambda x: pd.datetime.strptime(x, "%YYYY-%mm-%dd")

[2021-12-08 23:27:14,209] {warnings.py:110} WARNING - /home/***/.local/lib/python3.7/site-packages/pandas/io/parsers/base_parser.py:1055: FutureWarning: 
        Use pd.to_datetime instead.

  return generic_parser(date_parser, *date_cols)

[2021-12-08 23:27:14,211] {taskinstance.py:1703} ERROR - Task failed with exception
Traceback (most recent call last):
  File "/home/airflow/.local/lib/python3.7/site-packages/pandas/io/parsers/base_parser.py", line 1039, in converter
    date_parser(*date_cols), errors="ignore", cache=cache_dates
  File "/opt/airflow/dags/rename_processing.py", line 10, in <lambda>
    dateparse = lambda x: pd.datetime.strptime(x, "%YYYY-%mm-%dd")
TypeError: strptime() argument 1 must be str, not numpy.ndarray

During handling of the above exception, another exception occurred:

Traceback (most recent call last):
  File "/home/airflow/.local/lib/python3.7/site-packages/pandas/io/parsers/base_parser.py", line 1050, in converter
    dayfirst=dayfirst,
  File "pandas/_libs/tslibs/parsing.pyx", line 632, in pandas._libs.tslibs.parsing.try_parse_dates
  File "/opt/airflow/dags/rename_processing.py", line 10, in <lambda>
    dateparse = lambda x: pd.datetime.strptime(x, "%YYYY-%mm-%dd")
  File "/usr/local/lib/python3.7/_strptime.py", line 577, in _strptime_datetime
    tt, fraction, gmtoff_fraction = _strptime(data_string, format)
  File "/usr/local/lib/python3.7/_strptime.py", line 359, in _strptime
    (data_string, format))
ValueError: time data '2021-02-04' does not match format '%YYYY-%mm-%dd'

During handling of the above exception, another exception occurred:

Traceback (most recent call last):
  File "/home/airflow/.local/lib/python3.7/site-packages/airflow/models/taskinstance.py", line 1332, in _run_raw_task
    self._execute_task_with_callbacks(context)
  File "/home/airflow/.local/lib/python3.7/site-packages/airflow/models/taskinstance.py", line 1458, in _execute_task_with_callbacks
    result = self._execute_task(context, self.task)
  File "/home/airflow/.local/lib/python3.7/site-packages/airflow/models/taskinstance.py", line 1514, in _execute_task
    result = execute_callable(context=context)
  File "/home/airflow/.local/lib/python3.7/site-packages/airflow/operators/python.py", line 151, in execute
    return_value = self.execute_callable()
  File "/home/airflow/.local/lib/python3.7/site-packages/airflow/operators/python.py", line 162, in execute_callable
    return self.python_callable(*self.op_args, **self.op_kwargs)
  File "/opt/airflow/dags/rename_processing.py", line 12, in rename_process
    mediaprepare_data = pd.read_csv(os.path.join(os.environ['TEST_DATA_FILES_DIRECTORY'], "MEDIA_PREPARE_Data.csv"), parse_dates=['date'], date_parser=dateparse)
  File "/home/airflow/.local/lib/python3.7/site-packages/pandas/util/_decorators.py", line 311, in wrapper
    return func(*args, **kwargs)
  File "/home/airflow/.local/lib/python3.7/site-packages/pandas/io/parsers/readers.py", line 586, in read_csv
    return _read(filepath_or_buffer, kwds)
  File "/home/airflow/.local/lib/python3.7/site-packages/pandas/io/parsers/readers.py", line 488, in _read
    return parser.read(nrows)
  File "/home/airflow/.local/lib/python3.7/site-packages/pandas/io/parsers/readers.py", line 1047, in read
    index, columns, col_dict = self._engine.read(nrows)
  File "/home/airflow/.local/lib/python3.7/site-packages/pandas/io/parsers/c_parser_wrapper.py", line 308, in read
    names, data = self._do_date_conversions(names, data)
  File "/home/airflow/.local/lib/python3.7/site-packages/pandas/io/parsers/base_parser.py", line 802, in _do_date_conversions
    keep_date_col=self.keep_date_col,
  File "/home/airflow/.local/lib/python3.7/site-packages/pandas/io/parsers/base_parser.py", line 1093, in _process_date_conversion
    data_dict[colspec] = converter(data_dict[colspec])
  File "/home/airflow/.local/lib/python3.7/site-packages/pandas/io/parsers/base_parser.py", line 1055, in converter
    return generic_parser(date_parser, *date_cols)
  File "/home/airflow/.local/lib/python3.7/site-packages/pandas/io/date_converters.py", line 100, in generic_parser
    results[i] = parse_func(*args)
  File "/opt/airflow/dags/rename_processing.py", line 10, in <lambda>
    dateparse = lambda x: pd.datetime.strptime(x, "%YYYY-%mm-%dd")
  File "/usr/local/lib/python3.7/_strptime.py", line 577, in _strptime_datetime
    tt, fraction, gmtoff_fraction = _strptime(data_string, format)
  File "/usr/local/lib/python3.7/_strptime.py", line 359, in _strptime
    (data_string, format))
ValueError: time data '2021-02-04' does not match format '%YYYY-%mm-%dd'
[2021-12-08 23:27:14,247] {taskinstance.py:1280} INFO - Marking task as FAILED. dag_id=cpp_workflow, task_id=rename_process, execution_date=20211208T232705, start_date=20211208T232713, end_date=20211208T232714
[2021-12-08 23:27:14,273] {standard_task_runner.py:91} ERROR - Failed to execute job 631 for task rename_process
Traceback (most recent call last):
  File "/home/airflow/.local/lib/python3.7/site-packages/pandas/io/parsers/base_parser.py", line 1039, in converter
    date_parser(*date_cols), errors="ignore", cache=cache_dates
  File "/opt/airflow/dags/rename_processing.py", line 10, in <lambda>
    dateparse = lambda x: pd.datetime.strptime(x, "%YYYY-%mm-%dd")
TypeError: strptime() argument 1 must be str, not numpy.ndarray

During handling of the above exception, another exception occurred:

Traceback (most recent call last):
  File "/home/airflow/.local/lib/python3.7/site-packages/pandas/io/parsers/base_parser.py", line 1050, in converter
    dayfirst=dayfirst,
  File "pandas/_libs/tslibs/parsing.pyx", line 632, in pandas._libs.tslibs.parsing.try_parse_dates
  File "/opt/airflow/dags/rename_processing.py", line 10, in <lambda>
    dateparse = lambda x: pd.datetime.strptime(x, "%YYYY-%mm-%dd")
  File "/usr/local/lib/python3.7/_strptime.py", line 577, in _strptime_datetime
    tt, fraction, gmtoff_fraction = _strptime(data_string, format)
  File "/usr/local/lib/python3.7/_strptime.py", line 359, in _strptime
    (data_string, format))
ValueError: time data '2021-02-04' does not match format '%YYYY-%mm-%dd'

During handling of the above exception, another exception occurred:

Traceback (most recent call last):
  File "/home/airflow/.local/lib/python3.7/site-packages/airflow/task/task_runner/standard_task_runner.py", line 85, in _start_by_fork
    args.func(args, dag=self.dag)
  File "/home/airflow/.local/lib/python3.7/site-packages/airflow/cli/cli_parser.py", line 48, in command
    return func(*args, **kwargs)
  File "/home/airflow/.local/lib/python3.7/site-packages/airflow/utils/cli.py", line 92, in wrapper
    return f(*args, **kwargs)
  File "/home/airflow/.local/lib/python3.7/site-packages/airflow/cli/commands/task_command.py", line 292, in task_run
    _run_task_by_selected_method(args, dag, ti)
  File "/home/airflow/.local/lib/python3.7/site-packages/airflow/cli/commands/task_command.py", line 107, in _run_task_by_selected_method
    _run_raw_task(args, ti)
  File "/home/airflow/.local/lib/python3.7/site-packages/airflow/cli/commands/task_command.py", line 184, in _run_raw_task
    error_file=args.error_file,
  File "/home/airflow/.local/lib/python3.7/site-packages/airflow/utils/session.py", line 70, in wrapper
    return func(*args, session=session, **kwargs)
  File "/home/airflow/.local/lib/python3.7/site-packages/airflow/models/taskinstance.py", line 1332, in _run_raw_task
    self._execute_task_with_callbacks(context)
  File "/home/airflow/.local/lib/python3.7/site-packages/airflow/models/taskinstance.py", line 1458, in _execute_task_with_callbacks
    result = self._execute_task(context, self.task)
  File "/home/airflow/.local/lib/python3.7/site-packages/airflow/models/taskinstance.py", line 1514, in _execute_task
    result = execute_callable(context=context)
  File "/home/airflow/.local/lib/python3.7/site-packages/airflow/operators/python.py", line 151, in execute
    return_value = self.execute_callable()
  File "/home/airflow/.local/lib/python3.7/site-packages/airflow/operators/python.py", line 162, in execute_callable
    return self.python_callable(*self.op_args, **self.op_kwargs)
  File "/opt/airflow/dags/rename_processing.py", line 12, in rename_process
    mediaprepare_data = pd.read_csv(os.path.join(os.environ['TEST_DATA_FILES_DIRECTORY'], "MEDIA_PREPARE_Data.csv"), parse_dates=['date'], date_parser=dateparse)
  File "/home/airflow/.local/lib/python3.7/site-packages/pandas/util/_decorators.py", line 311, in wrapper
    return func(*args, **kwargs)
  File "/home/airflow/.local/lib/python3.7/site-packages/pandas/io/parsers/readers.py", line 586, in read_csv
    return _read(filepath_or_buffer, kwds)
  File "/home/airflow/.local/lib/python3.7/site-packages/pandas/io/parsers/readers.py", line 488, in _read
    return parser.read(nrows)
  File "/home/airflow/.local/lib/python3.7/site-packages/pandas/io/parsers/readers.py", line 1047, in read
    index, columns, col_dict = self._engine.read(nrows)
  File "/home/airflow/.local/lib/python3.7/site-packages/pandas/io/parsers/c_parser_wrapper.py", line 308, in read
    names, data = self._do_date_conversions(names, data)
  File "/home/airflow/.local/lib/python3.7/site-packages/pandas/io/parsers/base_parser.py", line 802, in _do_date_conversions
    keep_date_col=self.keep_date_col,
  File "/home/airflow/.local/lib/python3.7/site-packages/pandas/io/parsers/base_parser.py", line 1093, in _process_date_conversion
    data_dict[colspec] = converter(data_dict[colspec])
  File "/home/airflow/.local/lib/python3.7/site-packages/pandas/io/parsers/base_parser.py", line 1055, in converter
    return generic_parser(date_parser, *date_cols)
  File "/home/airflow/.local/lib/python3.7/site-packages/pandas/io/date_converters.py", line 100, in generic_parser
    results[i] = parse_func(*args)
  File "/opt/airflow/dags/rename_processing.py", line 10, in <lambda>
    dateparse = lambda x: pd.datetime.strptime(x, "%YYYY-%mm-%dd")
  File "/usr/local/lib/python3.7/_strptime.py", line 577, in _strptime_datetime
    tt, fraction, gmtoff_fraction = _strptime(data_string, format)
  File "/usr/local/lib/python3.7/_strptime.py", line 359, in _strptime
    (data_string, format))
ValueError: time data '2021-02-04' does not match format '%YYYY-%mm-%dd'
[2021-12-08 23:27:14,317] {local_task_job.py:154} INFO - Task exited with return code 1
[2021-12-08 23:27:14,392] {local_task_job.py:264} INFO - 0 downstream tasks scheduled from follow-on schedule check
