[2021-12-08 14:58:48,998] {taskinstance.py:1035} INFO - Dependencies all met for <TaskInstance: cpp_workflow.connect_to_database scheduled__2021-10-08T00:00:00+00:00 [queued]>
[2021-12-08 14:58:49,043] {taskinstance.py:1035} INFO - Dependencies all met for <TaskInstance: cpp_workflow.connect_to_database scheduled__2021-10-08T00:00:00+00:00 [queued]>
[2021-12-08 14:58:49,044] {taskinstance.py:1241} INFO - 
--------------------------------------------------------------------------------
[2021-12-08 14:58:49,047] {taskinstance.py:1242} INFO - Starting attempt 1 of 1
[2021-12-08 14:58:49,048] {taskinstance.py:1243} INFO - 
--------------------------------------------------------------------------------
[2021-12-08 14:58:49,125] {taskinstance.py:1262} INFO - Executing <Task(PythonOperator): connect_to_database> on 2021-10-08 00:00:00+00:00
[2021-12-08 14:58:49,136] {standard_task_runner.py:52} INFO - Started process 815 to run task
[2021-12-08 14:58:49,145] {standard_task_runner.py:76} INFO - Running: ['***', 'tasks', 'run', 'cpp_workflow', 'connect_to_database', 'scheduled__2021-10-08T00:00:00+00:00', '--job-id', '328', '--raw', '--subdir', 'DAGS_FOLDER/first_dag.py', '--cfg-path', '/tmp/tmp9q7ozics', '--error-file', '/tmp/tmplb0xcv5p']
[2021-12-08 14:58:49,147] {standard_task_runner.py:77} INFO - Job 328: Subtask connect_to_database
[2021-12-08 14:58:49,332] {logging_mixin.py:109} INFO - Running <TaskInstance: cpp_workflow.connect_to_database scheduled__2021-10-08T00:00:00+00:00 [running]> on host 8edf9af2b560
[2021-12-08 14:58:49,539] {taskinstance.py:1429} INFO - Exporting the following env vars:
AIRFLOW_CTX_DAG_OWNER=***
AIRFLOW_CTX_DAG_ID=cpp_workflow
AIRFLOW_CTX_TASK_ID=connect_to_database
AIRFLOW_CTX_EXECUTION_DATE=2021-10-08T00:00:00+00:00
AIRFLOW_CTX_DAG_RUN_ID=scheduled__2021-10-08T00:00:00+00:00
[2021-12-08 14:58:50,131] {taskinstance.py:1703} ERROR - Task failed with exception
Traceback (most recent call last):
  File "/home/airflow/.local/lib/python3.7/site-packages/mysql/connector/network.py", line 551, in open_connection
    socket.SOL_TCP)
  File "/usr/local/lib/python3.7/socket.py", line 752, in getaddrinfo
    for res in _socket.getaddrinfo(host, port, family, type, proto, flags):
socket.gaierror: [Errno -2] Name or service not known

During handling of the above exception, another exception occurred:

Traceback (most recent call last):
  File "/home/airflow/.local/lib/python3.7/site-packages/airflow/models/taskinstance.py", line 1332, in _run_raw_task
    self._execute_task_with_callbacks(context)
  File "/home/airflow/.local/lib/python3.7/site-packages/airflow/models/taskinstance.py", line 1458, in _execute_task_with_callbacks
    result = self._execute_task(context, self.task)
  File "/home/airflow/.local/lib/python3.7/site-packages/airflow/models/taskinstance.py", line 1514, in _execute_task
    result = execute_callable(context=context)
  File "/home/airflow/.local/lib/python3.7/site-packages/airflow/operators/python.py", line 151, in execute
    return_value = self.execute_callable()
  File "/home/airflow/.local/lib/python3.7/site-packages/airflow/operators/python.py", line 162, in execute_callable
    return self.python_callable(*self.op_args, **self.op_kwargs)
  File "/opt/airflow/dags/database.py", line 14, in database_connection
    use_pure=True)
  File "/home/airflow/.local/lib/python3.7/site-packages/mysql/connector/__init__.py", line 274, in connect
    return MySQLConnection(*args, **kwargs)
  File "/home/airflow/.local/lib/python3.7/site-packages/mysql/connector/connection.py", line 115, in __init__
    self.connect(**kwargs)
  File "/home/airflow/.local/lib/python3.7/site-packages/mysql/connector/abstracts.py", line 1015, in connect
    self._open_connection()
  File "/home/airflow/.local/lib/python3.7/site-packages/mysql/connector/connection.py", line 427, in _open_connection
    self._socket.open_connection()
  File "/home/airflow/.local/lib/python3.7/site-packages/mysql/connector/network.py", line 567, in open_connection
    errno=2003, values=(self.get_address(), _strioerror(err)))
mysql.connector.errors.InterfaceError: 2003: Can't connect to MySQL server on '%-.100s:%u' (%s) (Warning: %u format: a number is required, not str)
[2021-12-08 14:58:50,305] {taskinstance.py:1280} INFO - Marking task as FAILED. dag_id=cpp_workflow, task_id=connect_to_database, execution_date=20211008T000000, start_date=20211208T145849, end_date=20211208T145850
[2021-12-08 14:58:50,816] {standard_task_runner.py:91} ERROR - Failed to execute job 328 for task connect_to_database
Traceback (most recent call last):
  File "/home/airflow/.local/lib/python3.7/site-packages/mysql/connector/network.py", line 551, in open_connection
    socket.SOL_TCP)
  File "/usr/local/lib/python3.7/socket.py", line 752, in getaddrinfo
    for res in _socket.getaddrinfo(host, port, family, type, proto, flags):
socket.gaierror: [Errno -2] Name or service not known

During handling of the above exception, another exception occurred:

Traceback (most recent call last):
  File "/home/airflow/.local/lib/python3.7/site-packages/airflow/task/task_runner/standard_task_runner.py", line 85, in _start_by_fork
    args.func(args, dag=self.dag)
  File "/home/airflow/.local/lib/python3.7/site-packages/airflow/cli/cli_parser.py", line 48, in command
    return func(*args, **kwargs)
  File "/home/airflow/.local/lib/python3.7/site-packages/airflow/utils/cli.py", line 92, in wrapper
    return f(*args, **kwargs)
  File "/home/airflow/.local/lib/python3.7/site-packages/airflow/cli/commands/task_command.py", line 292, in task_run
    _run_task_by_selected_method(args, dag, ti)
  File "/home/airflow/.local/lib/python3.7/site-packages/airflow/cli/commands/task_command.py", line 107, in _run_task_by_selected_method
    _run_raw_task(args, ti)
  File "/home/airflow/.local/lib/python3.7/site-packages/airflow/cli/commands/task_command.py", line 184, in _run_raw_task
    error_file=args.error_file,
  File "/home/airflow/.local/lib/python3.7/site-packages/airflow/utils/session.py", line 70, in wrapper
    return func(*args, session=session, **kwargs)
  File "/home/airflow/.local/lib/python3.7/site-packages/airflow/models/taskinstance.py", line 1332, in _run_raw_task
    self._execute_task_with_callbacks(context)
  File "/home/airflow/.local/lib/python3.7/site-packages/airflow/models/taskinstance.py", line 1458, in _execute_task_with_callbacks
    result = self._execute_task(context, self.task)
  File "/home/airflow/.local/lib/python3.7/site-packages/airflow/models/taskinstance.py", line 1514, in _execute_task
    result = execute_callable(context=context)
  File "/home/airflow/.local/lib/python3.7/site-packages/airflow/operators/python.py", line 151, in execute
    return_value = self.execute_callable()
  File "/home/airflow/.local/lib/python3.7/site-packages/airflow/operators/python.py", line 162, in execute_callable
    return self.python_callable(*self.op_args, **self.op_kwargs)
  File "/opt/airflow/dags/database.py", line 14, in database_connection
    use_pure=True)
  File "/home/airflow/.local/lib/python3.7/site-packages/mysql/connector/__init__.py", line 274, in connect
    return MySQLConnection(*args, **kwargs)
  File "/home/airflow/.local/lib/python3.7/site-packages/mysql/connector/connection.py", line 115, in __init__
    self.connect(**kwargs)
  File "/home/airflow/.local/lib/python3.7/site-packages/mysql/connector/abstracts.py", line 1015, in connect
    self._open_connection()
  File "/home/airflow/.local/lib/python3.7/site-packages/mysql/connector/connection.py", line 427, in _open_connection
    self._socket.open_connection()
  File "/home/airflow/.local/lib/python3.7/site-packages/mysql/connector/network.py", line 567, in open_connection
    errno=2003, values=(self.get_address(), _strioerror(err)))
mysql.connector.errors.InterfaceError: 2003: Can't connect to MySQL server on '%-.100s:%u' (%s) (Warning: %u format: a number is required, not str)
[2021-12-08 14:58:50,962] {local_task_job.py:154} INFO - Task exited with return code 1
[2021-12-08 14:58:53,000] {local_task_job.py:264} INFO - 0 downstream tasks scheduled from follow-on schedule check
