[2022-01-03 01:21:14,708] {taskinstance.py:1035} INFO - Dependencies all met for <TaskInstance: cpp_workflow.check_file_changes manual__2022-01-03T01:21:11.982110+00:00 [queued]>
[2022-01-03 01:21:14,734] {taskinstance.py:1035} INFO - Dependencies all met for <TaskInstance: cpp_workflow.check_file_changes manual__2022-01-03T01:21:11.982110+00:00 [queued]>
[2022-01-03 01:21:14,734] {taskinstance.py:1241} INFO - 
--------------------------------------------------------------------------------
[2022-01-03 01:21:14,735] {taskinstance.py:1242} INFO - Starting attempt 1 of 1
[2022-01-03 01:21:14,737] {taskinstance.py:1243} INFO - 
--------------------------------------------------------------------------------
[2022-01-03 01:21:14,763] {taskinstance.py:1262} INFO - Executing <Task(PythonOperator): check_file_changes> on 2022-01-03 01:21:11.982110+00:00
[2022-01-03 01:21:14,768] {standard_task_runner.py:52} INFO - Started process 5674 to run task
[2022-01-03 01:21:14,773] {standard_task_runner.py:76} INFO - Running: ['***', 'tasks', 'run', 'cpp_workflow', 'check_file_changes', 'manual__2022-01-03T01:21:11.982110+00:00', '--job-id', '2227', '--raw', '--subdir', 'DAGS_FOLDER/first_dag.py', '--cfg-path', '/tmp/tmph4b20uy1', '--error-file', '/tmp/tmp6xl782oc']
[2022-01-03 01:21:14,775] {standard_task_runner.py:77} INFO - Job 2227: Subtask check_file_changes
[2022-01-03 01:21:14,837] {logging_mixin.py:109} INFO - Running <TaskInstance: cpp_workflow.check_file_changes manual__2022-01-03T01:21:11.982110+00:00 [running]> on host 218df5ddc363
[2022-01-03 01:21:14,911] {taskinstance.py:1429} INFO - Exporting the following env vars:
AIRFLOW_CTX_DAG_OWNER=***
AIRFLOW_CTX_DAG_ID=cpp_workflow
AIRFLOW_CTX_TASK_ID=check_file_changes
AIRFLOW_CTX_EXECUTION_DATE=2022-01-03T01:21:11.982110+00:00
AIRFLOW_CTX_DAG_RUN_ID=manual__2022-01-03T01:21:11.982110+00:00
[2022-01-03 01:21:42,380] {taskinstance.py:1703} ERROR - Task failed with exception
Traceback (most recent call last):
  File "/home/airflow/.local/lib/python3.7/site-packages/airflow/models/taskinstance.py", line 1332, in _run_raw_task
    self._execute_task_with_callbacks(context)
  File "/home/airflow/.local/lib/python3.7/site-packages/airflow/models/taskinstance.py", line 1458, in _execute_task_with_callbacks
    result = self._execute_task(context, self.task)
  File "/home/airflow/.local/lib/python3.7/site-packages/airflow/models/taskinstance.py", line 1514, in _execute_task
    result = execute_callable(context=context)
  File "/home/airflow/.local/lib/python3.7/site-packages/airflow/operators/python.py", line 151, in execute
    return_value = self.execute_callable()
  File "/home/airflow/.local/lib/python3.7/site-packages/airflow/operators/python.py", line 162, in execute_callable
    return self.python_callable(*self.op_args, **self.op_kwargs)
  File "/opt/airflow/dags/check_file_changes.py", line 51, in file_changes
    with open(os.path.join(os.environ['TEST_DATA_FILES_DIRECTORY'], "hashed_files_image.csv"), 'r') as t1, open(os.path.join(os.environ['TEST_DATA_FILES_DIRECTORY'], "last_dag_execution_files_image.csv"), 'r') as t2:
FileNotFoundError: [Errno 2] No such file or directory: '/opt/airflow/test_data/last_dag_execution_files_image.csv'
[2022-01-03 01:21:42,395] {taskinstance.py:1280} INFO - Marking task as FAILED. dag_id=cpp_workflow, task_id=check_file_changes, execution_date=20220103T012111, start_date=20220103T012114, end_date=20220103T012142
[2022-01-03 01:21:42,408] {standard_task_runner.py:91} ERROR - Failed to execute job 2227 for task check_file_changes
Traceback (most recent call last):
  File "/home/airflow/.local/lib/python3.7/site-packages/airflow/task/task_runner/standard_task_runner.py", line 85, in _start_by_fork
    args.func(args, dag=self.dag)
  File "/home/airflow/.local/lib/python3.7/site-packages/airflow/cli/cli_parser.py", line 48, in command
    return func(*args, **kwargs)
  File "/home/airflow/.local/lib/python3.7/site-packages/airflow/utils/cli.py", line 92, in wrapper
    return f(*args, **kwargs)
  File "/home/airflow/.local/lib/python3.7/site-packages/airflow/cli/commands/task_command.py", line 292, in task_run
    _run_task_by_selected_method(args, dag, ti)
  File "/home/airflow/.local/lib/python3.7/site-packages/airflow/cli/commands/task_command.py", line 107, in _run_task_by_selected_method
    _run_raw_task(args, ti)
  File "/home/airflow/.local/lib/python3.7/site-packages/airflow/cli/commands/task_command.py", line 184, in _run_raw_task
    error_file=args.error_file,
  File "/home/airflow/.local/lib/python3.7/site-packages/airflow/utils/session.py", line 70, in wrapper
    return func(*args, session=session, **kwargs)
  File "/home/airflow/.local/lib/python3.7/site-packages/airflow/models/taskinstance.py", line 1332, in _run_raw_task
    self._execute_task_with_callbacks(context)
  File "/home/airflow/.local/lib/python3.7/site-packages/airflow/models/taskinstance.py", line 1458, in _execute_task_with_callbacks
    result = self._execute_task(context, self.task)
  File "/home/airflow/.local/lib/python3.7/site-packages/airflow/models/taskinstance.py", line 1514, in _execute_task
    result = execute_callable(context=context)
  File "/home/airflow/.local/lib/python3.7/site-packages/airflow/operators/python.py", line 151, in execute
    return_value = self.execute_callable()
  File "/home/airflow/.local/lib/python3.7/site-packages/airflow/operators/python.py", line 162, in execute_callable
    return self.python_callable(*self.op_args, **self.op_kwargs)
  File "/opt/airflow/dags/check_file_changes.py", line 51, in file_changes
    with open(os.path.join(os.environ['TEST_DATA_FILES_DIRECTORY'], "hashed_files_image.csv"), 'r') as t1, open(os.path.join(os.environ['TEST_DATA_FILES_DIRECTORY'], "last_dag_execution_files_image.csv"), 'r') as t2:
FileNotFoundError: [Errno 2] No such file or directory: '/opt/airflow/test_data/last_dag_execution_files_image.csv'
[2022-01-03 01:21:42,426] {local_task_job.py:154} INFO - Task exited with return code 1
[2022-01-03 01:21:42,469] {local_task_job.py:264} INFO - 0 downstream tasks scheduled from follow-on schedule check
