[2021-12-08 21:07:51,257] {taskinstance.py:1035} INFO - Dependencies all met for <TaskInstance: cpp_workflow.check_imageFile manual__2021-12-08T21:07:47.515490+00:00 [queued]>
[2021-12-08 21:07:51,272] {taskinstance.py:1035} INFO - Dependencies all met for <TaskInstance: cpp_workflow.check_imageFile manual__2021-12-08T21:07:47.515490+00:00 [queued]>
[2021-12-08 21:07:51,272] {taskinstance.py:1241} INFO - 
--------------------------------------------------------------------------------
[2021-12-08 21:07:51,273] {taskinstance.py:1242} INFO - Starting attempt 1 of 3
[2021-12-08 21:07:51,273] {taskinstance.py:1243} INFO - 
--------------------------------------------------------------------------------
[2021-12-08 21:07:51,291] {taskinstance.py:1262} INFO - Executing <Task(BashOperator): check_imageFile> on 2021-12-08 21:07:47.515490+00:00
[2021-12-08 21:07:51,301] {standard_task_runner.py:52} INFO - Started process 142 to run task
[2021-12-08 21:07:51,307] {standard_task_runner.py:76} INFO - Running: ['***', 'tasks', 'run', 'cpp_workflow', 'check_imageFile', 'manual__2021-12-08T21:07:47.515490+00:00', '--job-id', '469', '--raw', '--subdir', 'DAGS_FOLDER/first_dag.py', '--cfg-path', '/tmp/tmpf8qw5aba', '--error-file', '/tmp/tmpz59i2yi_']
[2021-12-08 21:07:51,308] {standard_task_runner.py:77} INFO - Job 469: Subtask check_imageFile
[2021-12-08 21:07:51,399] {logging_mixin.py:109} INFO - Running <TaskInstance: cpp_workflow.check_imageFile manual__2021-12-08T21:07:47.515490+00:00 [running]> on host b5fd0372bf6e
[2021-12-08 21:07:51,630] {taskinstance.py:1429} INFO - Exporting the following env vars:
AIRFLOW_CTX_DAG_OWNER=***
AIRFLOW_CTX_DAG_ID=cpp_workflow
AIRFLOW_CTX_TASK_ID=check_imageFile
AIRFLOW_CTX_EXECUTION_DATE=2021-12-08T21:07:47.515490+00:00
AIRFLOW_CTX_DAG_RUN_ID=manual__2021-12-08T21:07:47.515490+00:00
[2021-12-08 21:07:51,636] {subprocess.py:62} INFO - Tmp dir root location: 
 /tmp
[2021-12-08 21:07:51,638] {subprocess.py:74} INFO - Running command: ['bash', '-c', 'sha256sum /opt/***-docker/official_data/engineControl/accounting/image/Image_20210204_123009_00000000000022687026.csv']
[2021-12-08 21:07:51,654] {subprocess.py:85} INFO - Output:
[2021-12-08 21:07:51,658] {subprocess.py:89} INFO - sha256sum: /opt/***-docker/official_data/engineControl/accounting/image/Image_20210204_123009_00000000000022687026.csv: No such file or directory
[2021-12-08 21:07:51,658] {subprocess.py:93} INFO - Command exited with return code 1
[2021-12-08 21:07:51,682] {taskinstance.py:1703} ERROR - Task failed with exception
Traceback (most recent call last):
  File "/home/airflow/.local/lib/python3.7/site-packages/airflow/models/taskinstance.py", line 1332, in _run_raw_task
    self._execute_task_with_callbacks(context)
  File "/home/airflow/.local/lib/python3.7/site-packages/airflow/models/taskinstance.py", line 1458, in _execute_task_with_callbacks
    result = self._execute_task(context, self.task)
  File "/home/airflow/.local/lib/python3.7/site-packages/airflow/models/taskinstance.py", line 1514, in _execute_task
    result = execute_callable(context=context)
  File "/home/airflow/.local/lib/python3.7/site-packages/airflow/operators/bash.py", line 188, in execute
    f'Bash command failed. The command returned a non-zero exit code {result.exit_code}.'
airflow.exceptions.AirflowException: Bash command failed. The command returned a non-zero exit code 1.
[2021-12-08 21:07:51,705] {taskinstance.py:1280} INFO - Marking task as UP_FOR_RETRY. dag_id=cpp_workflow, task_id=check_imageFile, execution_date=20211208T210747, start_date=20211208T210751, end_date=20211208T210751
[2021-12-08 21:07:51,735] {standard_task_runner.py:91} ERROR - Failed to execute job 469 for task check_imageFile
Traceback (most recent call last):
  File "/home/airflow/.local/lib/python3.7/site-packages/airflow/task/task_runner/standard_task_runner.py", line 85, in _start_by_fork
    args.func(args, dag=self.dag)
  File "/home/airflow/.local/lib/python3.7/site-packages/airflow/cli/cli_parser.py", line 48, in command
    return func(*args, **kwargs)
  File "/home/airflow/.local/lib/python3.7/site-packages/airflow/utils/cli.py", line 92, in wrapper
    return f(*args, **kwargs)
  File "/home/airflow/.local/lib/python3.7/site-packages/airflow/cli/commands/task_command.py", line 292, in task_run
    _run_task_by_selected_method(args, dag, ti)
  File "/home/airflow/.local/lib/python3.7/site-packages/airflow/cli/commands/task_command.py", line 107, in _run_task_by_selected_method
    _run_raw_task(args, ti)
  File "/home/airflow/.local/lib/python3.7/site-packages/airflow/cli/commands/task_command.py", line 184, in _run_raw_task
    error_file=args.error_file,
  File "/home/airflow/.local/lib/python3.7/site-packages/airflow/utils/session.py", line 70, in wrapper
    return func(*args, session=session, **kwargs)
  File "/home/airflow/.local/lib/python3.7/site-packages/airflow/models/taskinstance.py", line 1332, in _run_raw_task
    self._execute_task_with_callbacks(context)
  File "/home/airflow/.local/lib/python3.7/site-packages/airflow/models/taskinstance.py", line 1458, in _execute_task_with_callbacks
    result = self._execute_task(context, self.task)
  File "/home/airflow/.local/lib/python3.7/site-packages/airflow/models/taskinstance.py", line 1514, in _execute_task
    result = execute_callable(context=context)
  File "/home/airflow/.local/lib/python3.7/site-packages/airflow/operators/bash.py", line 188, in execute
    f'Bash command failed. The command returned a non-zero exit code {result.exit_code}.'
airflow.exceptions.AirflowException: Bash command failed. The command returned a non-zero exit code 1.
[2021-12-08 21:07:51,763] {local_task_job.py:154} INFO - Task exited with return code 1
[2021-12-08 21:07:51,900] {local_task_job.py:264} INFO - 0 downstream tasks scheduled from follow-on schedule check
