[2021-12-13 11:28:06,626] {taskinstance.py:1035} INFO - Dependencies all met for <TaskInstance: cpp_workflow.merge_process manual__2021-12-13T11:27:55.017112+00:00 [queued]>
[2021-12-13 11:28:06,653] {taskinstance.py:1035} INFO - Dependencies all met for <TaskInstance: cpp_workflow.merge_process manual__2021-12-13T11:27:55.017112+00:00 [queued]>
[2021-12-13 11:28:06,654] {taskinstance.py:1241} INFO - 
--------------------------------------------------------------------------------
[2021-12-13 11:28:06,654] {taskinstance.py:1242} INFO - Starting attempt 1 of 1
[2021-12-13 11:28:06,655] {taskinstance.py:1243} INFO - 
--------------------------------------------------------------------------------
[2021-12-13 11:28:06,682] {taskinstance.py:1262} INFO - Executing <Task(PythonOperator): merge_process> on 2021-12-13 11:27:55.017112+00:00
[2021-12-13 11:28:06,692] {standard_task_runner.py:52} INFO - Started process 248 to run task
[2021-12-13 11:28:06,696] {standard_task_runner.py:76} INFO - Running: ['***', 'tasks', 'run', 'cpp_workflow', 'merge_process', 'manual__2021-12-13T11:27:55.017112+00:00', '--job-id', '852', '--raw', '--subdir', 'DAGS_FOLDER/first_dag.py', '--cfg-path', '/tmp/tmpo3id1qv0', '--error-file', '/tmp/tmpowxyuebh']
[2021-12-13 11:28:06,697] {standard_task_runner.py:77} INFO - Job 852: Subtask merge_process
[2021-12-13 11:28:06,760] {logging_mixin.py:109} INFO - Running <TaskInstance: cpp_workflow.merge_process manual__2021-12-13T11:27:55.017112+00:00 [running]> on host 218df5ddc363
[2021-12-13 11:28:06,850] {taskinstance.py:1429} INFO - Exporting the following env vars:
AIRFLOW_CTX_DAG_OWNER=***
AIRFLOW_CTX_DAG_ID=cpp_workflow
AIRFLOW_CTX_TASK_ID=merge_process
AIRFLOW_CTX_EXECUTION_DATE=2021-12-13T11:27:55.017112+00:00
AIRFLOW_CTX_DAG_RUN_ID=manual__2021-12-13T11:27:55.017112+00:00
[2021-12-13 11:28:06,881] {taskinstance.py:1703} ERROR - Task failed with exception
Traceback (most recent call last):
  File "/home/airflow/.local/lib/python3.7/site-packages/airflow/models/taskinstance.py", line 1332, in _run_raw_task
    self._execute_task_with_callbacks(context)
  File "/home/airflow/.local/lib/python3.7/site-packages/airflow/models/taskinstance.py", line 1458, in _execute_task_with_callbacks
    result = self._execute_task(context, self.task)
  File "/home/airflow/.local/lib/python3.7/site-packages/airflow/models/taskinstance.py", line 1514, in _execute_task
    result = execute_callable(context=context)
  File "/home/airflow/.local/lib/python3.7/site-packages/airflow/operators/python.py", line 151, in execute
    return_value = self.execute_callable()
  File "/home/airflow/.local/lib/python3.7/site-packages/airflow/operators/python.py", line 162, in execute_callable
    return self.python_callable(*self.op_args, **self.op_kwargs)
  File "/opt/airflow/dags/merge_processing.py", line 12, in merge_process
    printcycle_data = pd.read_csv(os.path.join(os.environ['TEST_DATA_FILES_DIRECTORY'], "PRINT_CYCLE_Data.csv"), usecols = ['date','PrintVolume'])
  File "/home/airflow/.local/lib/python3.7/site-packages/pandas/util/_decorators.py", line 311, in wrapper
    return func(*args, **kwargs)
  File "/home/airflow/.local/lib/python3.7/site-packages/pandas/io/parsers/readers.py", line 586, in read_csv
    return _read(filepath_or_buffer, kwds)
  File "/home/airflow/.local/lib/python3.7/site-packages/pandas/io/parsers/readers.py", line 482, in _read
    parser = TextFileReader(filepath_or_buffer, **kwds)
  File "/home/airflow/.local/lib/python3.7/site-packages/pandas/io/parsers/readers.py", line 811, in __init__
    self._engine = self._make_engine(self.engine)
  File "/home/airflow/.local/lib/python3.7/site-packages/pandas/io/parsers/readers.py", line 1040, in _make_engine
    return mapping[engine](self.f, **self.options)  # type: ignore[call-arg]
  File "/home/airflow/.local/lib/python3.7/site-packages/pandas/io/parsers/c_parser_wrapper.py", line 135, in __init__
    self._validate_usecols_names(usecols, self.orig_names)
  File "/home/airflow/.local/lib/python3.7/site-packages/pandas/io/parsers/base_parser.py", line 867, in _validate_usecols_names
    f"Usecols do not match columns, columns expected but not found: "
ValueError: Usecols do not match columns, columns expected but not found: ['PrintVolume']
[2021-12-13 11:28:06,906] {taskinstance.py:1280} INFO - Marking task as FAILED. dag_id=cpp_workflow, task_id=merge_process, execution_date=20211213T112755, start_date=20211213T112806, end_date=20211213T112806
[2021-12-13 11:28:06,926] {standard_task_runner.py:91} ERROR - Failed to execute job 852 for task merge_process
Traceback (most recent call last):
  File "/home/airflow/.local/lib/python3.7/site-packages/airflow/task/task_runner/standard_task_runner.py", line 85, in _start_by_fork
    args.func(args, dag=self.dag)
  File "/home/airflow/.local/lib/python3.7/site-packages/airflow/cli/cli_parser.py", line 48, in command
    return func(*args, **kwargs)
  File "/home/airflow/.local/lib/python3.7/site-packages/airflow/utils/cli.py", line 92, in wrapper
    return f(*args, **kwargs)
  File "/home/airflow/.local/lib/python3.7/site-packages/airflow/cli/commands/task_command.py", line 292, in task_run
    _run_task_by_selected_method(args, dag, ti)
  File "/home/airflow/.local/lib/python3.7/site-packages/airflow/cli/commands/task_command.py", line 107, in _run_task_by_selected_method
    _run_raw_task(args, ti)
  File "/home/airflow/.local/lib/python3.7/site-packages/airflow/cli/commands/task_command.py", line 184, in _run_raw_task
    error_file=args.error_file,
  File "/home/airflow/.local/lib/python3.7/site-packages/airflow/utils/session.py", line 70, in wrapper
    return func(*args, session=session, **kwargs)
  File "/home/airflow/.local/lib/python3.7/site-packages/airflow/models/taskinstance.py", line 1332, in _run_raw_task
    self._execute_task_with_callbacks(context)
  File "/home/airflow/.local/lib/python3.7/site-packages/airflow/models/taskinstance.py", line 1458, in _execute_task_with_callbacks
    result = self._execute_task(context, self.task)
  File "/home/airflow/.local/lib/python3.7/site-packages/airflow/models/taskinstance.py", line 1514, in _execute_task
    result = execute_callable(context=context)
  File "/home/airflow/.local/lib/python3.7/site-packages/airflow/operators/python.py", line 151, in execute
    return_value = self.execute_callable()
  File "/home/airflow/.local/lib/python3.7/site-packages/airflow/operators/python.py", line 162, in execute_callable
    return self.python_callable(*self.op_args, **self.op_kwargs)
  File "/opt/airflow/dags/merge_processing.py", line 12, in merge_process
    printcycle_data = pd.read_csv(os.path.join(os.environ['TEST_DATA_FILES_DIRECTORY'], "PRINT_CYCLE_Data.csv"), usecols = ['date','PrintVolume'])
  File "/home/airflow/.local/lib/python3.7/site-packages/pandas/util/_decorators.py", line 311, in wrapper
    return func(*args, **kwargs)
  File "/home/airflow/.local/lib/python3.7/site-packages/pandas/io/parsers/readers.py", line 586, in read_csv
    return _read(filepath_or_buffer, kwds)
  File "/home/airflow/.local/lib/python3.7/site-packages/pandas/io/parsers/readers.py", line 482, in _read
    parser = TextFileReader(filepath_or_buffer, **kwds)
  File "/home/airflow/.local/lib/python3.7/site-packages/pandas/io/parsers/readers.py", line 811, in __init__
    self._engine = self._make_engine(self.engine)
  File "/home/airflow/.local/lib/python3.7/site-packages/pandas/io/parsers/readers.py", line 1040, in _make_engine
    return mapping[engine](self.f, **self.options)  # type: ignore[call-arg]
  File "/home/airflow/.local/lib/python3.7/site-packages/pandas/io/parsers/c_parser_wrapper.py", line 135, in __init__
    self._validate_usecols_names(usecols, self.orig_names)
  File "/home/airflow/.local/lib/python3.7/site-packages/pandas/io/parsers/base_parser.py", line 867, in _validate_usecols_names
    f"Usecols do not match columns, columns expected but not found: "
ValueError: Usecols do not match columns, columns expected but not found: ['PrintVolume']
[2021-12-13 11:28:06,949] {local_task_job.py:154} INFO - Task exited with return code 1
[2021-12-13 11:28:07,017] {local_task_job.py:264} INFO - 0 downstream tasks scheduled from follow-on schedule check
