[2021-12-29 23:45:15,174] {taskinstance.py:1035} INFO - Dependencies all met for <TaskInstance: cpp_workflow.col_process_print_cycle manual__2021-12-29T23:44:27.476253+00:00 [queued]>
[2021-12-29 23:45:15,209] {taskinstance.py:1035} INFO - Dependencies all met for <TaskInstance: cpp_workflow.col_process_print_cycle manual__2021-12-29T23:44:27.476253+00:00 [queued]>
[2021-12-29 23:45:15,210] {taskinstance.py:1241} INFO - 
--------------------------------------------------------------------------------
[2021-12-29 23:45:15,213] {taskinstance.py:1242} INFO - Starting attempt 1 of 1
[2021-12-29 23:45:15,214] {taskinstance.py:1243} INFO - 
--------------------------------------------------------------------------------
[2021-12-29 23:45:15,262] {taskinstance.py:1262} INFO - Executing <Task(PythonOperator): col_process_print_cycle> on 2021-12-29 23:44:27.476253+00:00
[2021-12-29 23:45:15,282] {standard_task_runner.py:52} INFO - Started process 15290 to run task
[2021-12-29 23:45:15,288] {standard_task_runner.py:76} INFO - Running: ['***', 'tasks', 'run', 'cpp_workflow', 'col_process_print_cycle', 'manual__2021-12-29T23:44:27.476253+00:00', '--job-id', '1731', '--raw', '--subdir', 'DAGS_FOLDER/first_dag.py', '--cfg-path', '/tmp/tmp58woojdz', '--error-file', '/tmp/tmp8le4tomj']
[2021-12-29 23:45:15,291] {standard_task_runner.py:77} INFO - Job 1731: Subtask col_process_print_cycle
[2021-12-29 23:45:15,416] {logging_mixin.py:109} INFO - Running <TaskInstance: cpp_workflow.col_process_print_cycle manual__2021-12-29T23:44:27.476253+00:00 [running]> on host 218df5ddc363
[2021-12-29 23:45:15,583] {taskinstance.py:1429} INFO - Exporting the following env vars:
AIRFLOW_CTX_DAG_OWNER=***
AIRFLOW_CTX_DAG_ID=cpp_workflow
AIRFLOW_CTX_TASK_ID=col_process_print_cycle
AIRFLOW_CTX_EXECUTION_DATE=2021-12-29T23:44:27.476253+00:00
AIRFLOW_CTX_DAG_RUN_ID=manual__2021-12-29T23:44:27.476253+00:00
[2021-12-29 23:45:15,593] {warnings.py:110} WARNING - /home/***/.local/lib/python3.7/site-packages/pandas/util/_decorators.py:311: ParserWarning: Falling back to the 'python' engine because the 'c' engine does not support regex separators (separators > 1 char and different from '\s+' are interpreted as regex); you can avoid this warning by specifying engine='python'.
  return func(*args, **kwargs)

[2021-12-29 23:45:15,664] {taskinstance.py:1703} ERROR - Task failed with exception
Traceback (most recent call last):
  File "/home/airflow/.local/lib/python3.7/site-packages/airflow/models/taskinstance.py", line 1332, in _run_raw_task
    self._execute_task_with_callbacks(context)
  File "/home/airflow/.local/lib/python3.7/site-packages/airflow/models/taskinstance.py", line 1458, in _execute_task_with_callbacks
    result = self._execute_task(context, self.task)
  File "/home/airflow/.local/lib/python3.7/site-packages/airflow/models/taskinstance.py", line 1514, in _execute_task
    result = execute_callable(context=context)
  File "/home/airflow/.local/lib/python3.7/site-packages/airflow/operators/python.py", line 151, in execute
    return_value = self.execute_callable()
  File "/home/airflow/.local/lib/python3.7/site-packages/airflow/operators/python.py", line 162, in execute_callable
    return self.python_callable(*self.op_args, **self.op_kwargs)
  File "/opt/airflow/dags/col_processing_print_cycle.py", line 18, in col_process_print_cycle
    print_data_file1 = print_data_file[['date', 'time', 'SquareDecimeter[dm2]#']]
  File "/home/airflow/.local/lib/python3.7/site-packages/pandas/core/frame.py", line 3464, in __getitem__
    indexer = self.loc._get_listlike_indexer(key, axis=1)[1]
  File "/home/airflow/.local/lib/python3.7/site-packages/pandas/core/indexing.py", line 1314, in _get_listlike_indexer
    self._validate_read_indexer(keyarr, indexer, axis)
  File "/home/airflow/.local/lib/python3.7/site-packages/pandas/core/indexing.py", line 1377, in _validate_read_indexer
    raise KeyError(f"{not_found} not in index")
KeyError: "['date', 'SquareDecimeter[dm2]#'] not in index"
[2021-12-29 23:45:15,732] {taskinstance.py:1280} INFO - Marking task as FAILED. dag_id=cpp_workflow, task_id=col_process_print_cycle, execution_date=20211229T234427, start_date=20211229T234515, end_date=20211229T234515
[2021-12-29 23:45:15,783] {standard_task_runner.py:91} ERROR - Failed to execute job 1731 for task col_process_print_cycle
Traceback (most recent call last):
  File "/home/airflow/.local/lib/python3.7/site-packages/airflow/task/task_runner/standard_task_runner.py", line 85, in _start_by_fork
    args.func(args, dag=self.dag)
  File "/home/airflow/.local/lib/python3.7/site-packages/airflow/cli/cli_parser.py", line 48, in command
    return func(*args, **kwargs)
  File "/home/airflow/.local/lib/python3.7/site-packages/airflow/utils/cli.py", line 92, in wrapper
    return f(*args, **kwargs)
  File "/home/airflow/.local/lib/python3.7/site-packages/airflow/cli/commands/task_command.py", line 292, in task_run
    _run_task_by_selected_method(args, dag, ti)
  File "/home/airflow/.local/lib/python3.7/site-packages/airflow/cli/commands/task_command.py", line 107, in _run_task_by_selected_method
    _run_raw_task(args, ti)
  File "/home/airflow/.local/lib/python3.7/site-packages/airflow/cli/commands/task_command.py", line 184, in _run_raw_task
    error_file=args.error_file,
  File "/home/airflow/.local/lib/python3.7/site-packages/airflow/utils/session.py", line 70, in wrapper
    return func(*args, session=session, **kwargs)
  File "/home/airflow/.local/lib/python3.7/site-packages/airflow/models/taskinstance.py", line 1332, in _run_raw_task
    self._execute_task_with_callbacks(context)
  File "/home/airflow/.local/lib/python3.7/site-packages/airflow/models/taskinstance.py", line 1458, in _execute_task_with_callbacks
    result = self._execute_task(context, self.task)
  File "/home/airflow/.local/lib/python3.7/site-packages/airflow/models/taskinstance.py", line 1514, in _execute_task
    result = execute_callable(context=context)
  File "/home/airflow/.local/lib/python3.7/site-packages/airflow/operators/python.py", line 151, in execute
    return_value = self.execute_callable()
  File "/home/airflow/.local/lib/python3.7/site-packages/airflow/operators/python.py", line 162, in execute_callable
    return self.python_callable(*self.op_args, **self.op_kwargs)
  File "/opt/airflow/dags/col_processing_print_cycle.py", line 18, in col_process_print_cycle
    print_data_file1 = print_data_file[['date', 'time', 'SquareDecimeter[dm2]#']]
  File "/home/airflow/.local/lib/python3.7/site-packages/pandas/core/frame.py", line 3464, in __getitem__
    indexer = self.loc._get_listlike_indexer(key, axis=1)[1]
  File "/home/airflow/.local/lib/python3.7/site-packages/pandas/core/indexing.py", line 1314, in _get_listlike_indexer
    self._validate_read_indexer(keyarr, indexer, axis)
  File "/home/airflow/.local/lib/python3.7/site-packages/pandas/core/indexing.py", line 1377, in _validate_read_indexer
    raise KeyError(f"{not_found} not in index")
KeyError: "['date', 'SquareDecimeter[dm2]#'] not in index"
[2021-12-29 23:45:15,844] {local_task_job.py:154} INFO - Task exited with return code 1
[2021-12-29 23:45:15,950] {local_task_job.py:264} INFO - 0 downstream tasks scheduled from follow-on schedule check
